panic: runtime error: invalid memory address or nil pointer dereference
[signal SIGSEGV: segmentation violation code=0x1 addr=0x0 pc=0x4018d2]

goroutine 1014 [running]:
panic(0x622c20, 0xc42000c0e0)
	/usr/lib/golang/src/runtime/panic.go:500 +0x1a1
main.(*RpcHander).OnNetRecv(0x7729e0, 0x758820, 0xc420974700, 0xc42095bb30, 0x2f, 0x2f, 0x0, 0x0)
	/home/jimmy/dev_platform/software/trunk/Cloud/src/ipc_server/push_rpc/main.go:76 +0x882
sdk/net_server.(*netClient).recvRountine(0xc420974700)
	/home/jimmy/dev_platform/software/trunk/Cloud/src/sdk/net_server/net_client.go:106 +0x963
created by sdk/net_server.createNetClient
	/home/jimmy/dev_platform/software/trunk/Cloud/src/sdk/net_server/net_client.go:52 +0x25d
panic: runtime error: invalid memory address or nil pointer dereference
[signal SIGSEGV: segmentation violation code=0x1 addr=0x0 pc=0x401bf8]

goroutine 1011 [running]:
panic(0x623b20, 0xc42000c0e0)
	/usr/lib/golang/src/runtime/panic.go:500 +0x1a1
main.(*RpcHander).OnNetRecv(0x7749e0, 0x75a820, 0xc420976380, 0xc4209559b0, 0x2f, 0x2f, 0x0, 0x0)
	/home/jimmy/dev_platform/software/trunk/Cloud/src/ipc_server/push_rpc/main.go:82 +0xba8
sdk/net_server.(*netClient).recvRountine(0xc420976380)
	/home/jimmy/dev_platform/software/trunk/Cloud/src/sdk/net_server/net_client.go:106 +0x963
created by sdk/net_server.createNetClient
	/home/jimmy/dev_platform/software/trunk/Cloud/src/sdk/net_server/net_client.go:52 +0x25d
